<?xml version="1.0" encoding="UTF-8"?>
<testsuite xmlns:xsi="http://www.w3.org/2001/XMLSchema-instance" xsi:noNamespaceSchemaLocation="https://maven.apache.org/surefire/maven-surefire-plugin/xsd/surefire-test-report-3.0.xsd" version="3.0" name="com.example.homebuilder.HomebuilderApplicationTests" time="2.062" tests="1" errors="0" skipped="0" failures="0">
  <properties>
[...]
</properties>
  <testcase name="contextLoads" classname="com.example.homebuilder.HomebuilderApplicationTests" time="0.916">
    <system-out><![CDATA[09:50:54.072 [main] INFO org.springframework.test.context.support.AnnotationConfigContextLoaderUtils -- Could not detect default configuration classes for test class [com.example.homebuilder.HomebuilderApplicationTests]: HomebuilderApplicationTests does not declare any static, non-private, non-final, nested classes annotated with @Configuration.
09:50:54.178 [main] INFO org.springframework.boot.test.context.SpringBootTestContextBootstrapper -- Found @SpringBootConfiguration com.example.homebuilder.HomebuilderApplication for test class com.example.homebuilder.HomebuilderApplicationTests

  .   ____          _            __ _ _
 /\\ / ___'_ __ _ _(_)_ __  __ _ \ \ \ \
( ( )\___ | '_ | '_| | '_ \/ _` | \ \ \ \
 \\/  ___)| |_)| | | | | || (_| |  ) ) ) )
  '  |____| .__|_| |_|_| |_\__, | / / / /
 =========|_|==============|___/=/_/_/_/
 :: Spring Boot ::                (v3.1.4)

2023-09-27T09:50:54.588-05:00  INFO 20768 --- [           main] c.e.h.HomebuilderApplicationTests        : Starting HomebuilderApplicationTests using Java 17.0.8.1 with PID 20768 (started by Evank in C:\Users\Evank\IdeaProjects\homebuilder)
2023-09-27T09:50:54.590-05:00  INFO 20768 --- [           main] c.e.h.HomebuilderApplicationTests        : No active profile set, falling back to 1 default profile: "default"
2023-09-27T09:50:55.044-05:00  INFO 20768 --- [           main] c.e.h.HomebuilderApplicationTests        : Started HomebuilderApplicationTests in 0.71 seconds (process running for 1.665)
]]></system-out>
  </testcase>
</testsuite>